 [1] "DGP, nobs, nrep"
[1]   1 200  32
   user  system elapsed 
  0.108   0.243  95.314 
[1] "rejfreq10, rejfreq5, rejfreq1"
[1] 15.625 12.500 15.625  6.250  9.375  9.375  6.250  9.375  9.375
[1] "DGP, nobs, nrep"
[1]   1 400  32
   user  system elapsed 
  0.177   0.526 223.005 
[1] "rejfreq10, rejfreq5, rejfreq1"
[1] 40.625 40.625 40.625 28.125 31.250 31.250 28.125 31.250 31.250
[1] "DGP, nobs, nrep"
[1]   2 200  32
   user  system elapsed 
  0.079   0.196  82.235 
[1] "rejfreq10, rejfreq5, rejfreq1"
[1] 50.000 50.000 50.000 34.375 34.375 34.375 34.375 34.375 34.375
[1] "DGP, nobs, nrep"
[1]   2 400  32
   user  system elapsed 
  0.156   0.449 189.620 
[1] "rejfreq10, rejfreq5, rejfreq1"
[1] 71.875 71.875 71.875 65.625 62.500 62.500 65.625 62.500 62.500
