[1] "DGP, n, nrep"
[1]    1  200 1000
    user   system  elapsed 
   2.021    2.904 2565.628 
[1] "rejfreq5, rejfreq1"
[1] 26.5 26.3 26.1 10.6 10.8 10.8
[1] "DGP, n, nrep"
[1]    1  400 1000
    user   system  elapsed 
   4.198    6.341 5870.928 
[1] "rejfreq5, rejfreq1"
[1] 53.9 54.3 54.0 30.9 30.6 30.5
[1] "DGP, n, nrep"
[1]    2  200 1000
    user   system  elapsed 
   2.046    2.903 2615.596 
[1] "rejfreq5, rejfreq1"
[1] 92.0 91.9 91.8 81.2 81.3 81.2
[1] "DGP, n, nrep"
[1]    2  400 1000
    user   system  elapsed 
   3.984    6.289 5764.373 
[1] "rejfreq5, rejfreq1"
[1] 99.9 99.9 99.9 99.7 99.7 99.7
